<?xml version="1.0" encoding="UTF-8"?>
<!-- Generated by org.testng.reporters.JUnitXMLReporter -->
<testsuite hostname="ZEST14" name="Test on chrome" tests="4" failures="2" timestamp="2 Oct 2017 15:09:32 GMT" time="11.53" errors="0">
  <testcase name="@AfterTest teardown" time="0.0" classname="tests.test">
    <failure type="org.openqa.selenium.NoSuchSessionException" message="Session ID is null. Using WebDriver after calling quit()?
Build info: version: &amp;apos;3.4.0&amp;apos;, revision: &amp;apos;unknown&amp;apos;, time: &amp;apos;unknown&amp;apos;
System info: host: &amp;apos;ZEST14&amp;apos;, ip: &amp;apos;192.168.1.141&amp;apos;, os.name: &amp;apos;Windows 8.1&amp;apos;, os.arch: &amp;apos;amd64&amp;apos;, os.version: &amp;apos;6.3&amp;apos;, java.version: &amp;apos;1.8.0_144&amp;apos;
Driver info: driver.version: RemoteWebDriver">
      <![CDATA[org.openqa.selenium.NoSuchSessionException: Session ID is null. Using WebDriver after calling quit()?
Build info: version: '3.4.0', revision: 'unknown', time: 'unknown'
System info: host: 'ZEST14', ip: '192.168.1.141', os.name: 'Windows 8.1', os.arch: 'amd64', os.version: '6.3', java.version: '1.8.0_144'
Driver info: driver.version: RemoteWebDriver
	at org.openqa.selenium.remote.HttpCommandExecutor.execute(HttpCommandExecutor.java:131)
	at org.openqa.selenium.remote.service.DriverCommandExecutor.execute(DriverCommandExecutor.java:82)
	at org.openqa.selenium.remote.RemoteWebDriver.execute(RemoteWebDriver.java:637)
	at org.openqa.selenium.remote.RemoteWebDriver.execute(RemoteWebDriver.java:694)
	at org.openqa.selenium.remote.RemoteWebDriver.close(RemoteWebDriver.java:523)
	at tests.test.teardown(test.java:114)
... Removed 22 stack frames]]>
    </failure>
  </testcase> <!-- @AfterTest teardown -->
  <testcase name="failTest" time="0.001" classname="tests.test">
    <failure type="java.lang.AssertionError" message="expected [true] but found [false]">
      <![CDATA[java.lang.AssertionError: expected [true] but found [false]
	at tests.test.failTest(test.java:88)
... Removed 28 stack frames]]>
    </failure>
  </testcase> <!-- failTest -->
  <testcase name="firstTest" time="1.217" classname="tests.test">
    <failure type="org.openqa.selenium.WebDriverException" message="unknown error: Element &amp;lt;button type=&amp;quot;submit&amp;quot; class=&amp;quot;f6 link dim br2 ba bw1 ph3 pv2 mv2 mr1 dib b--light-gray bg-white light-red&amp;quot;&amp;gt;...&amp;lt;/button&amp;gt; is not clickable at point (113, 615). Other element would receive the click: &amp;lt;button type=&amp;quot;button&amp;quot; title=&amp;quot;Select a component and show its dependency tree&amp;quot; style=&amp;quot;opacity: 0.45; background: url(&amp;amp;quot;data:image/svg+xml;base64,PHN2ZyBiYXNlUHJvZmlsZT0iYmFzaWMiIHhtbG5zPSJodHRwOi8vd3d3LnczLm9yZy8yMDAwL3N2ZyIgdmlld0JveD0iMCAwIDE2IDE2IiBoZWlnaHQ9IjE2IiB3aWR0aD0iMTYiPgogICAgPGcgc3Ryb2tlPSIjMDAwIiBmaWxsPSJub25lIiBzdHJva2Utd2lkdGg9IjEiPgogICAgICAgIDxwYXRoIGQ9Ik0yLjUgMi41aDl2MmgtOXoiLz4KICAgICAgICA8cGF0aCBkPSJNNy41IDcuNWg3djJoLTd6Ii8+CiAgICAgICAgPHBhdGggZD0iTTcuNSAxMi41aDd2MmgtN3oiLz4KICAgICAgICA8cGF0aCBkPSJNNC41IDQuNXY5aDMiLz4KICAgICAgICA8cGF0aCBkPSJNNy41IDguNWgtMyIvPgogICAgPC9nPgo8L3N2Zz4K&amp;amp;quot;) center center / 16px 16px no-repeat transparent; width: 26px; margin: 0px 10px; cursor: pointer; border: none;&amp;quot;&amp;gt;&amp;lt;/button&amp;gt;
  (Session info: chrome=61.0.3163.100)
  (Driver info: chromedriver=2.32.498550 (9dec58e66c31bcc53a9ce3c7226f0c1c5810906a),platform=Windows NT 6.3.9600 x86_64) (WARNING: The server did not provide any stacktrace information)
Command duration or timeout: 51 milliseconds
Build info: version: &amp;apos;3.4.0&amp;apos;, revision: &amp;apos;unknown&amp;apos;, time: &amp;apos;unknown&amp;apos;
System info: host: &amp;apos;ZEST14&amp;apos;, ip: &amp;apos;192.168.1.141&amp;apos;, os.name: &amp;apos;Windows 8.1&amp;apos;, os.arch: &amp;apos;amd64&amp;apos;, os.version: &amp;apos;6.3&amp;apos;, java.version: &amp;apos;1.8.0_144&amp;apos;
Driver info: org.openqa.selenium.chrome.ChromeDriver
Capabilities [{applicationCacheEnabled=false, rotatable=false, mobileEmulationEnabled=false, networkConnectionEnabled=false, chrome={chromedriverVersion=2.32.498550 (9dec58e66c31bcc53a9ce3c7226f0c1c5810906a), userDataDir=C:\Users\sandipm\AppData\Local\Temp\scoped_dir10180_6443}, takesHeapSnapshot=true, pageLoadStrategy=normal, databaseEnabled=false, handlesAlerts=true, hasTouchScreen=false, version=61.0.3163.100, platform=WIN8_1, browserConnectionEnabled=false, nativeEvents=true, acceptSslCerts=true, locationContextEnabled=true, webStorageEnabled=true, browserName=chrome, takesScreenshot=true, javascriptEnabled=true, cssSelectorsEnabled=true, setWindowRect=true, unexpectedAlertBehaviour=}]
Session ID: b29cb7ea692138ba3daa6fb1c37e2efd">
      <![CDATA[org.openqa.selenium.WebDriverException: unknown error: Element <button type="submit" class="f6 link dim br2 ba bw1 ph3 pv2 mv2 mr1 dib b--light-gray bg-white light-red">...</button> is not clickable at point (113, 615). Other element would receive the click: <button type="button" title="Select a component and show its dependency tree" style="opacity: 0.45; background: url(&quot;data:image/svg+xml;base64,PHN2ZyBiYXNlUHJvZmlsZT0iYmFzaWMiIHhtbG5zPSJodHRwOi8vd3d3LnczLm9yZy8yMDAwL3N2ZyIgdmlld0JveD0iMCAwIDE2IDE2IiBoZWlnaHQ9IjE2IiB3aWR0aD0iMTYiPgogICAgPGcgc3Ryb2tlPSIjMDAwIiBmaWxsPSJub25lIiBzdHJva2Utd2lkdGg9IjEiPgogICAgICAgIDxwYXRoIGQ9Ik0yLjUgMi41aDl2MmgtOXoiLz4KICAgICAgICA8cGF0aCBkPSJNNy41IDcuNWg3djJoLTd6Ii8+CiAgICAgICAgPHBhdGggZD0iTTcuNSAxMi41aDd2MmgtN3oiLz4KICAgICAgICA8cGF0aCBkPSJNNC41IDQuNXY5aDMiLz4KICAgICAgICA8cGF0aCBkPSJNNy41IDguNWgtMyIvPgogICAgPC9nPgo8L3N2Zz4K&quot;) center center / 16px 16px no-repeat transparent; width: 26px; margin: 0px 10px; cursor: pointer; border: none;"></button>
  (Session info: chrome=61.0.3163.100)
  (Driver info: chromedriver=2.32.498550 (9dec58e66c31bcc53a9ce3c7226f0c1c5810906a),platform=Windows NT 6.3.9600 x86_64) (WARNING: The server did not provide any stacktrace information)
Command duration or timeout: 51 milliseconds
Build info: version: '3.4.0', revision: 'unknown', time: 'unknown'
System info: host: 'ZEST14', ip: '192.168.1.141', os.name: 'Windows 8.1', os.arch: 'amd64', os.version: '6.3', java.version: '1.8.0_144'
Driver info: org.openqa.selenium.chrome.ChromeDriver
Capabilities [{applicationCacheEnabled=false, rotatable=false, mobileEmulationEnabled=false, networkConnectionEnabled=false, chrome={chromedriverVersion=2.32.498550 (9dec58e66c31bcc53a9ce3c7226f0c1c5810906a), userDataDir=C:\Users\sandipm\AppData\Local\Temp\scoped_dir10180_6443}, takesHeapSnapshot=true, pageLoadStrategy=normal, databaseEnabled=false, handlesAlerts=true, hasTouchScreen=false, version=61.0.3163.100, platform=WIN8_1, browserConnectionEnabled=false, nativeEvents=true, acceptSslCerts=true, locationContextEnabled=true, webStorageEnabled=true, browserName=chrome, takesScreenshot=true, javascriptEnabled=true, cssSelectorsEnabled=true, setWindowRect=true, unexpectedAlertBehaviour=}]
Session ID: b29cb7ea692138ba3daa6fb1c37e2efd
	at org.openqa.selenium.remote.ErrorHandler.createThrowable(ErrorHandler.java:215)
	at org.openqa.selenium.remote.ErrorHandler.throwIfResponseFailed(ErrorHandler.java:167)
	at org.openqa.selenium.remote.RemoteWebDriver.execute(RemoteWebDriver.java:671)
	at org.openqa.selenium.remote.RemoteWebElement.execute(RemoteWebElement.java:272)
	at org.openqa.selenium.remote.RemoteWebElement.click(RemoteWebElement.java:82)
	at tests.test.firstTest(test.java:70)
... Removed 28 stack frames]]>
    </failure>
  </testcase> <!-- firstTest -->
  <testcase name="passTest" time="0.001" classname="tests.test"/>
  <testcase name="skipTest" time="0.001" classname="tests.test">
    <skipped/>
  </testcase> <!-- skipTest -->
</testsuite> <!-- Test on chrome -->
